<?xml version="1.0" encoding="UTF-8"?>
<!-- Generated by org.testng.reporters.JUnitReportReporter -->
<testsuite hostname="DESKTOP-G318PPP" failures="0" tests="2" name="com.juaracoding.test.Test02" time="0.011" errors="0" timestamp="2022-07-04T19:18:08 WIB" skipped="0">
  <testcase classname="com.juaracoding.test.Test02" name="testCase02" time="0.008"/>
  <system-out/>
  <testcase classname="com.juaracoding.test.Test02" name="testCase01" time="0.003"/>
  <system-out/>
</testsuite> <!-- com.juaracoding.test.Test02 -->
