<?xml version="1.0" encoding="UTF-8"?>
<!-- Generated by org.testng.reporters.JUnitReportReporter -->
<testsuite hostname="DESKTOP-G318PPP" failures="0" tests="1" name="com.juaracoding.test.Kategori" time="0.003" errors="0" timestamp="2022-07-04T20:08:53 WIB" skipped="0">
  <testcase classname="com.juaracoding.test.Kategori" name="letestProduct" time="0.003"/>
  <system-out/>
</testsuite> <!-- com.juaracoding.test.Kategori -->
