<?xml version="1.0" encoding="UTF-8"?>
<!-- Generated by org.testng.reporters.JUnitReportReporter -->
<testsuite hostname="DESKTOP-G318PPP" failures="0" tests="2" name="com.juaracoding.test.Test01" time="0.027" errors="0" timestamp="2022-07-04T19:18:08 WIB" skipped="0">
  <testcase classname="com.juaracoding.test.Test01" name="testCase03" time="0.022"/>
  <system-out/>
  <testcase classname="com.juaracoding.test.Test01" name="testCase04" time="0.005"/>
  <system-out/>
</testsuite> <!-- com.juaracoding.test.Test01 -->
