<?xml version="1.0" encoding="UTF-8"?>
<!-- Generated by org.testng.reporters.JUnitReportReporter -->
<testsuite hostname="DESKTOP-G318PPP" failures="0" tests="2" name="com.juaracoding.testcase.test" time="0.018" errors="0" timestamp="2022-07-04T21:51:19 WIB" skipped="0">
  <testcase classname="com.juaracoding.testcase.test" name="testNembak2" time="0.003"/>
  <system-out/>
  <testcase classname="com.juaracoding.testcase.test" name="testNembak1" time="0.015"/>
  <system-out/>
</testsuite> <!-- com.juaracoding.testcase.test -->
